#-----------------------------------------------------------
# Vivado v2015.2 (64-bit)
# SW Build 1266856 on Fri Jun 26 16:35:25 MDT 2015
# IP Build 1264090 on Wed Jun 24 14:22:01 MDT 2015
# Start of session at: Mon Feb 18 17:15:43 2019
# Process ID: 8308
# Log file: C:/Users/azamk/Desktop/Vivzdo/modulator/vivado.log
# Journal file: C:/Users/azamk/Desktop/Vivzdo/modulator\vivado.jou
#-----------------------------------------------------------
start_gui
open_project C:/Users/azamk/Desktop/Vivzdo/modulator/modulator.xpr
Scanning sources...
Finished scanning sources
INFO: [IP_Flow 19-234] Refreshing IP repositories
INFO: [IP_Flow 19-1704] No user IP repositories specified
INFO: [IP_Flow 19-2313] Loaded Vivado IP repository 'C:/Xilinx/Vivado/2015.2/data/ip'.
open_project: Time (s): cpu = 00:00:19 ; elapsed = 00:00:11 . Memory (MB): peak = 668.984 ; gain = 127.461
create_fileset -simset sim_2
set_property SOURCE_SET sources_1 [get_filesets sim_2]
file mkdir C:/Users/azamk/Desktop/Vivzdo/modulator/modulator.srcs/sim_2/new
close [ open C:/Users/azamk/Desktop/Vivzdo/modulator/modulator.srcs/sim_2/new/counter_tb.vhd w ]
add_files -fileset sim_2 C:/Users/azamk/Desktop/Vivzdo/modulator/modulator.srcs/sim_2/new/counter_tb.vhd
update_compile_order -fileset sim_2
update_compile_order -fileset sim_2
delete_fileset sim_2
create_fileset -simset sim_2
set_property SOURCE_SET sources_1 [get_filesets sim_2]
file mkdir C:/Users/azamk/Desktop/Vivzdo/modulator/modulator.srcs/sim_2/new
close [ open C:/Users/azamk/Desktop/Vivzdo/modulator/modulator.srcs/sim_2/new/counter_tb.vhd w ]
add_files -fileset sim_2 C:/Users/azamk/Desktop/Vivzdo/modulator/modulator.srcs/sim_2/new/counter_tb.vhd
update_compile_order -fileset sim_2
update_compile_order -fileset sim_2
update_compile_order -fileset sim_2
update_compile_order -fileset sim_2
current_fileset -simset [ get_filesets sim_2 ]
launch_simulation -simset sim_2
INFO: [USF-XSim-27] Simulation object is 'sim_2'
INFO: [USF-XSim-37] Inspecting design source files for 'counter_tb' in fileset 'sim_2'...
INFO: [USF-XSim-97] Finding global include files...
INFO: [USF-XSim-98] Fetching design files from 'sim_2'...
INFO: [USF-XSim-2] XSim::Compile design
INFO: [USF-XSim-61] Executing 'COMPILE' step in 'C:/Users/azamk/Desktop/Vivzdo/modulator/modulator.sim/sim_2/behav'
"xvhdl -m64 --relax -prj counter_tb_vhdl.prj"
INFO: [VRFC 10-163] Analyzing VHDL file "C:/Users/azamk/Desktop/Vivzdo/modulator/modulator.srcs/sources_1/new/modulator_pkg.vhd" into library xil_defaultlib
INFO: [VRFC 10-163] Analyzing VHDL file "C:/Users/azamk/Desktop/Vivzdo/modulator/modulator.srcs/sources_1/new/counter.vhd" into library xil_defaultlib
INFO: [VRFC 10-307] analyzing entity counter
INFO: [VRFC 10-163] Analyzing VHDL file "C:/Users/azamk/Desktop/Vivzdo/modulator/modulator.srcs/sim_2/new/counter_tb.vhd" into library xil_defaultlib
INFO: [VRFC 10-307] analyzing entity counter_tb
INFO: [USF-XSim-3] XSim::Elaborate design
INFO: [USF-XSim-61] Executing 'ELABORATE' step in 'C:/Users/azamk/Desktop/Vivzdo/modulator/modulator.sim/sim_2/behav'
Vivado Simulator 2015.2
Copyright 1986-1999, 2001-2015 Xilinx, Inc. All Rights Reserved.
Running: C:/Xilinx/Vivado/2015.2/bin/unwrapped/win64.o/xelab.exe -wto e461357db4a84a9ca08978afaaf17763 --debug typical --relax --mt 2 -L xil_defaultlib -L secureip --snapshot counter_tb_behav xil_defaultlib.counter_tb -log elaborate.log 
Using 2 slave threads.
Starting static elaboration
Completed static elaboration
Starting simulation data flow analysis
Completed simulation data flow analysis
Time Resolution for simulation is 1ps
Compiling package std.standard
Compiling package ieee.std_logic_1164
Compiling package ieee.std_logic_arith
Compiling package ieee.std_logic_unsigned
Compiling package ieee.math_real
Compiling package xil_defaultlib.modulator_pkg
Compiling architecture rtl of entity xil_defaultlib.counter [\counter(4,3)\]
Compiling architecture tb of entity xil_defaultlib.counter_tb
Waiting for 2 sub-compilation(s) to finish...
Built simulation snapshot counter_tb_behav

****** Webtalk v2015.2 (64-bit)
  **** SW Build 1266856 on Fri Jun 26 16:35:25 MDT 2015
  **** IP Build 1264090 on Wed Jun 24 14:22:01 MDT 2015
    ** Copyright 1986-2015 Xilinx, Inc. All Rights Reserved.

source C:/Users/azamk/Desktop/Vivzdo/modulator/modulator.sim/sim_2/behav/xsim.dir/counter_tb_behav/webtalk/xsim_webtalk.tcl -notrace
INFO: [Common 17-186] 'C:/Users/azamk/Desktop/Vivzdo/modulator/modulator.sim/sim_2/behav/xsim.dir/counter_tb_behav/webtalk/usage_statistics_ext_xsim.xml' has been successfully sent to Xilinx on Mon Feb 18 17:22:29 2019. For additional details about this file, please refer to the WebTalk help file at C:/Xilinx/Vivado/2015.2/doc/webtalk_introduction.html.
INFO: [Common 17-206] Exiting Webtalk at Mon Feb 18 17:22:29 2019...
run_program: Time (s): cpu = 00:00:01 ; elapsed = 00:00:12 . Memory (MB): peak = 729.352 ; gain = 0.000
INFO: [USF-XSim-4] XSim::Simulate design
INFO: [USF-XSim-61] Executing 'SIMULATE' step in 'C:/Users/azamk/Desktop/Vivzdo/modulator/modulator.sim/sim_2/behav'
INFO: [USF-XSim-98] *** Running xsim
   with args "counter_tb_behav -key {Behavioral:sim_2:Functional:counter_tb} -tclbatch {counter_tb.tcl} -log {simulate.log}"
INFO: [USF-XSim-8] Loading simulator feature
Vivado Simulator 2015.2
Time resolution is 1 ps
source counter_tb.tcl
# set curr_wave [current_wave_config]
# if { [string length $curr_wave] == 0 } {
#   if { [llength [get_objects]] > 0} {
#     add_wave /
#     set_property needs_save false [current_wave_config]
#   } else {
#      send_msg_id Add_Wave-1 WARNING "No top level signals found. Simulator will start without a wave window. If you want to open a wave window go to 'File->New Waveform Configuration' or type 'create_wave_config' in the TCL console."
#   }
# }
# run 1000ns
INFO: [USF-XSim-96] XSim completed. Design snapshot 'counter_tb_behav' loaded.
INFO: [USF-XSim-97] XSim simulation ran for 1000ns
launch_simulation: Time (s): cpu = 00:00:06 ; elapsed = 00:00:18 . Memory (MB): peak = 729.352 ; gain = 0.000
close [ open C:/Users/azamk/Desktop/Vivzdo/modulator/modulator.srcs/sources_1/new/sine.vhd w ]
add_files C:/Users/azamk/Desktop/Vivzdo/modulator/modulator.srcs/sources_1/new/sine.vhd
update_compile_order -fileset sources_1
close [ open C:/Users/azamk/Desktop/Vivzdo/modulator/modulator.srcs/sources_1/new/sine_top.vhd w ]
add_files C:/Users/azamk/Desktop/Vivzdo/modulator/modulator.srcs/sources_1/new/sine_top.vhd
update_compile_order -fileset sources_1
update_compile_order -fileset sources_1
update_compile_order -fileset sources_1
create_fileset -simset sim_3
set_property SOURCE_SET sources_1 [get_filesets sim_3]
file mkdir C:/Users/azamk/Desktop/Vivzdo/modulator/modulator.srcs/sim_3/new
close [ open C:/Users/azamk/Desktop/Vivzdo/modulator/modulator.srcs/sim_3/new/sine_top_tb.vhd w ]
add_files -fileset sim_3 C:/Users/azamk/Desktop/Vivzdo/modulator/modulator.srcs/sim_3/new/sine_top_tb.vhd
update_compile_order -fileset sim_3
update_compile_order -fileset sim_3
update_compile_order -fileset sim_3
update_compile_order -fileset sim_3
current_fileset -simset [ get_filesets sim_3 ]
launch_simulation -simset sim_3
INFO: [USF-XSim-27] Simulation object is 'sim_3'
INFO: [USF-XSim-37] Inspecting design source files for 'sine_top_tb' in fileset 'sim_3'...
INFO: [USF-XSim-97] Finding global include files...
INFO: [USF-XSim-98] Fetching design files from 'sim_3'...
INFO: [USF-XSim-2] XSim::Compile design
INFO: [USF-XSim-61] Executing 'COMPILE' step in 'C:/Users/azamk/Desktop/Vivzdo/modulator/modulator.sim/sim_3/behav'
"xvhdl -m64 --relax -prj sine_top_tb_vhdl.prj"
INFO: [VRFC 10-163] Analyzing VHDL file "C:/Users/azamk/Desktop/Vivzdo/modulator/modulator.srcs/sources_1/new/modulator_pkg.vhd" into library xil_defaultlib
INFO: [VRFC 10-163] Analyzing VHDL file "C:/Users/azamk/Desktop/Vivzdo/modulator/modulator.srcs/sources_1/new/sine.vhd" into library xil_defaultlib
INFO: [VRFC 10-307] analyzing entity sine
INFO: [VRFC 10-163] Analyzing VHDL file "C:/Users/azamk/Desktop/Vivzdo/modulator/modulator.srcs/sources_1/new/counter.vhd" into library xil_defaultlib
INFO: [VRFC 10-307] analyzing entity counter
INFO: [VRFC 10-163] Analyzing VHDL file "C:/Users/azamk/Desktop/Vivzdo/modulator/modulator.srcs/sources_1/new/frequency_trigger_rtl.vhd" into library xil_defaultlib
INFO: [VRFC 10-307] analyzing entity frequency_trigger
INFO: [VRFC 10-163] Analyzing VHDL file "C:/Users/azamk/Desktop/Vivzdo/modulator/modulator.srcs/sources_1/new/sine_top.vhd" into library xil_defaultlib
INFO: [VRFC 10-307] analyzing entity sine_top
INFO: [VRFC 10-163] Analyzing VHDL file "C:/Users/azamk/Desktop/Vivzdo/modulator/modulator.srcs/sim_3/new/sine_top_tb.vhd" into library xil_defaultlib
INFO: [VRFC 10-307] analyzing entity sine_top_tb
ERROR: [VRFC 10-91] div_factor_freqhigh_g is not declared [C:/Users/azamk/Desktop/Vivzdo/modulator/modulator.srcs/sim_3/new/sine_top_tb.vhd:14]
ERROR: [VRFC 10-1412] syntax error near : [C:/Users/azamk/Desktop/Vivzdo/modulator/modulator.srcs/sim_3/new/sine_top_tb.vhd:14]
ERROR: [VRFC 10-616] entity sine_top_tb is not yet compiled [C:/Users/azamk/Desktop/Vivzdo/modulator/modulator.srcs/sim_3/new/sine_top_tb.vhd:18]
ERROR: [VRFC 10-53] width_g is illegal in an expression [C:/Users/azamk/Desktop/Vivzdo/modulator/modulator.srcs/sim_3/new/sine_top_tb.vhd:21]
ERROR: [VRFC 10-53] cntampl_value_g is illegal in an expression [C:/Users/azamk/Desktop/Vivzdo/modulator/modulator.srcs/sim_3/new/sine_top_tb.vhd:27]
ERROR: [VRFC 10-53] depth_g is illegal in an expression [C:/Users/azamk/Desktop/Vivzdo/modulator/modulator.srcs/sim_3/new/sine_top_tb.vhd:28]
ERROR: [VRFC 10-53] width_g is illegal in an expression [C:/Users/azamk/Desktop/Vivzdo/modulator/modulator.srcs/sim_3/new/sine_top_tb.vhd:29]
ERROR: [VRFC 10-91] div_factor_freqhigh_g is not declared [C:/Users/azamk/Desktop/Vivzdo/modulator/modulator.srcs/sim_3/new/sine_top_tb.vhd:34]
ERROR: [VRFC 10-91] div_factor_freqlow_g is not declared [C:/Users/azamk/Desktop/Vivzdo/modulator/modulator.srcs/sim_3/new/sine_top_tb.vhd:35]
INFO: [VRFC 10-240] VHDL file C:/Users/azamk/Desktop/Vivzdo/modulator/modulator.srcs/sim_3/new/sine_top_tb.vhd ignored due to errors
ERROR: [USF-XSim-62] 'compile' step failed with error(s) while executing 'C:/Users/azamk/Desktop/Vivzdo/modulator/modulator.sim/sim_3/behav/compile.bat' script. Please check that the file has the correct 'read/write/execute' permissions and the Tcl console output for any other possible errors or warnings.
current_fileset -simset [ get_filesets sim_2 ]
delete_fileset sim_3
create_fileset -simset sim_3
set_property SOURCE_SET sources_1 [get_filesets sim_3]
file mkdir C:/Users/azamk/Desktop/Vivzdo/modulator/modulator.srcs/sim_3/new
close [ open C:/Users/azamk/Desktop/Vivzdo/modulator/modulator.srcs/sim_3/new/sine_top_tb.vhd w ]
add_files -fileset sim_3 C:/Users/azamk/Desktop/Vivzdo/modulator/modulator.srcs/sim_3/new/sine_top_tb.vhd
update_compile_order -fileset sim_3
update_compile_order -fileset sim_3
update_compile_order -fileset sim_3
update_compile_order -fileset sim_3
delete_fileset sim_3
create_fileset -simset sim_3
set_property SOURCE_SET sources_1 [get_filesets sim_3]
file mkdir C:/Users/azamk/Desktop/Vivzdo/modulator/modulator.srcs/sim_3/new
close [ open C:/Users/azamk/Desktop/Vivzdo/modulator/modulator.srcs/sim_3/new/sine_top.vhd w ]
add_files -fileset sim_3 C:/Users/azamk/Desktop/Vivzdo/modulator/modulator.srcs/sim_3/new/sine_top.vhd
update_compile_order -fileset sim_3
update_compile_order -fileset sim_3
update_compile_order -fileset sim_3
update_compile_order -fileset sim_3
delete_fileset sim_3
create_fileset -simset sim_3
set_property SOURCE_SET sources_1 [get_filesets sim_3]
file mkdir C:/Users/azamk/Desktop/Vivzdo/modulator/modulator.srcs/sim_3/new
close [ open C:/Users/azamk/Desktop/Vivzdo/modulator/modulator.srcs/sim_3/new/sine_top_tb.vhd w ]
add_files -fileset sim_3 C:/Users/azamk/Desktop/Vivzdo/modulator/modulator.srcs/sim_3/new/sine_top_tb.vhd
update_compile_order -fileset sim_3
update_compile_order -fileset sim_3
update_compile_order -fileset sim_3
update_compile_order -fileset sim_3
remove_files -fileset sim_3 C:/Users/azamk/Desktop/Vivzdo/modulator/modulator.srcs/sim_3/new/sine_top_tb.vhd
update_compile_order -fileset sim_3
current_fileset -simset [ get_filesets sim_3 ]
launch_simulation -simset sim_3
INFO: [USF-XSim-27] Simulation object is 'sim_3'
INFO: [USF-XSim-37] Inspecting design source files for 'sine_top' in fileset 'sim_3'...
INFO: [USF-XSim-97] Finding global include files...
INFO: [USF-XSim-98] Fetching design files from 'sim_3'...
INFO: [USF-XSim-2] XSim::Compile design
INFO: [USF-XSim-61] Executing 'COMPILE' step in 'C:/Users/azamk/Desktop/Vivzdo/modulator/modulator.sim/sim_3/behav'
"xvhdl -m64 --relax -prj sine_top_vhdl.prj"
INFO: [VRFC 10-163] Analyzing VHDL file "C:/Users/azamk/Desktop/Vivzdo/modulator/modulator.srcs/sources_1/new/modulator_pkg.vhd" into library xil_defaultlib
INFO: [VRFC 10-163] Analyzing VHDL file "C:/Users/azamk/Desktop/Vivzdo/modulator/modulator.srcs/sources_1/new/sine.vhd" into library xil_defaultlib
INFO: [VRFC 10-307] analyzing entity sine
INFO: [VRFC 10-163] Analyzing VHDL file "C:/Users/azamk/Desktop/Vivzdo/modulator/modulator.srcs/sources_1/new/counter.vhd" into library xil_defaultlib
INFO: [VRFC 10-307] analyzing entity counter
INFO: [VRFC 10-163] Analyzing VHDL file "C:/Users/azamk/Desktop/Vivzdo/modulator/modulator.srcs/sources_1/new/frequency_trigger_rtl.vhd" into library xil_defaultlib
INFO: [VRFC 10-307] analyzing entity frequency_trigger
INFO: [VRFC 10-163] Analyzing VHDL file "C:/Users/azamk/Desktop/Vivzdo/modulator/modulator.srcs/sources_1/new/sine_top.vhd" into library xil_defaultlib
INFO: [VRFC 10-307] analyzing entity sine_top
INFO: [USF-XSim-3] XSim::Elaborate design
INFO: [USF-XSim-61] Executing 'ELABORATE' step in 'C:/Users/azamk/Desktop/Vivzdo/modulator/modulator.sim/sim_3/behav'
Vivado Simulator 2015.2
Copyright 1986-1999, 2001-2015 Xilinx, Inc. All Rights Reserved.
Running: C:/Xilinx/Vivado/2015.2/bin/unwrapped/win64.o/xelab.exe -wto e461357db4a84a9ca08978afaaf17763 --debug typical --relax --mt 2 -L xil_defaultlib -L secureip --snapshot sine_top_behav xil_defaultlib.sine_top -log elaborate.log 
Using 2 slave threads.
Starting static elaboration
Completed static elaboration
Starting simulation data flow analysis
Completed simulation data flow analysis
Time Resolution for simulation is 1ps
Compiling package std.standard
Compiling package ieee.std_logic_1164
Compiling package ieee.std_logic_arith
Compiling package ieee.std_logic_unsigned
Compiling package ieee.math_real
Compiling package xil_defaultlib.modulator_pkg
Compiling architecture rtl of entity xil_defaultlib.frequency_trigger [frequency_trigger_default]
Compiling architecture rtl of entity xil_defaultlib.counter [\counter(255,8)\]
Compiling architecture rtl of entity xil_defaultlib.sine [\sine(8,12)\]
Compiling architecture rtl of entity xil_defaultlib.sine_top
Waiting for 2 sub-compilation(s) to finish...
Built simulation snapshot sine_top_behav

****** Webtalk v2015.2 (64-bit)
  **** SW Build 1266856 on Fri Jun 26 16:35:25 MDT 2015
  **** IP Build 1264090 on Wed Jun 24 14:22:01 MDT 2015
    ** Copyright 1986-2015 Xilinx, Inc. All Rights Reserved.

source C:/Users/azamk/Desktop/Vivzdo/modulator/modulator.sim/sim_3/behav/xsim.dir/sine_top_behav/webtalk/xsim_webtalk.tcl -notrace
INFO: [Common 17-186] 'C:/Users/azamk/Desktop/Vivzdo/modulator/modulator.sim/sim_3/behav/xsim.dir/sine_top_behav/webtalk/usage_statistics_ext_xsim.xml' has been successfully sent to Xilinx on Mon Feb 18 17:51:00 2019. For additional details about this file, please refer to the WebTalk help file at C:/Xilinx/Vivado/2015.2/doc/webtalk_introduction.html.
INFO: [Common 17-206] Exiting Webtalk at Mon Feb 18 17:51:00 2019...
run_program: Time (s): cpu = 00:00:00 ; elapsed = 00:00:08 . Memory (MB): peak = 753.563 ; gain = 0.000
INFO: [USF-XSim-4] XSim::Simulate design
INFO: [USF-XSim-61] Executing 'SIMULATE' step in 'C:/Users/azamk/Desktop/Vivzdo/modulator/modulator.sim/sim_3/behav'
INFO: [USF-XSim-98] *** Running xsim
   with args "sine_top_behav -key {Behavioral:sim_3:Functional:sine_top} -tclbatch {sine_top.tcl} -log {simulate.log}"
INFO: [USF-XSim-8] Loading simulator feature
Vivado Simulator 2015.2
Time resolution is 1 ps
source sine_top.tcl
# set curr_wave [current_wave_config]
# if { [string length $curr_wave] == 0 } {
#   if { [llength [get_objects]] > 0} {
#     add_wave /
#     set_property needs_save false [current_wave_config]
#   } else {
#      send_msg_id Add_Wave-1 WARNING "No top level signals found. Simulator will start without a wave window. If you want to open a wave window go to 'File->New Waveform Configuration' or type 'create_wave_config' in the TCL console."
#   }
# }
# run 1000ns
INFO: [USF-XSim-96] XSim completed. Design snapshot 'sine_top_behav' loaded.
INFO: [USF-XSim-97] XSim simulation ran for 1000ns
launch_simulation: Time (s): cpu = 00:00:02 ; elapsed = 00:00:12 . Memory (MB): peak = 753.563 ; gain = 0.000
close_sim
INFO: [Simtcl 6-16] Simulation closed
close_sim: Time (s): cpu = 00:00:01 ; elapsed = 00:00:07 . Memory (MB): peak = 765.680 ; gain = 0.000
close_sim
INFO: [Simtcl 6-16] Simulation closed
close_sim: Time (s): cpu = 00:00:01 ; elapsed = 00:00:05 . Memory (MB): peak = 765.680 ; gain = 0.000
exit
INFO: [Common 17-206] Exiting Vivado at Mon Feb 18 17:51:49 2019...
